Arguments: 
  /Users/panda/.nvm/versions/node/v10.16.3/bin/node /Users/panda/.nvm/versions/node/v10.16.3/bin/yarn storybook

PATH: 
  /Users/panda/Library/Android/sdk/platform-tools:/Users/panda/.pyenv/plugins/pyenv-virtualenv/shims:/Users/panda/.pyenv/bin:/usr/local/bin:/usr/bin:/bin:/usr/sbin:/sbin:/Library/Apple/usr/bin:/Users/panda/Library/Android/sdk/platform-tools:/Users/panda/.nvm/versions/node/v10.16.3/bin:/Users/panda/.pyenv/plugins/pyenv-virtualenv/shims:/Users/panda/.pyenv/bin

Yarn version: 
  1.22.10

Node version: 
  10.16.3

Platform: 
  darwin x64

Trace: 
  SyntaxError: /Users/panda/Work/notre-dame/crc/vector-team/core-components/package.json: Unexpected token / in JSON at position 150
      at JSON.parse (<anonymous>)
      at /Users/panda/.nvm/versions/node/v10.16.3/lib/node_modules/yarn/lib/cli.js:1625:59
      at Generator.next (<anonymous>)
      at step (/Users/panda/.nvm/versions/node/v10.16.3/lib/node_modules/yarn/lib/cli.js:310:30)
      at /Users/panda/.nvm/versions/node/v10.16.3/lib/node_modules/yarn/lib/cli.js:321:13

npm manifest: 
  {
    "name": "@veupathdb/core-components",
    "version": "0.2.0",
    "description": "Core components and style definitions for VEuPath applications.",
    // "main": "dist/index.js",
    "main": "index.ts",
    "types": "dist/index.d.ts",
    "files": [
      "README.md",
      "dist"
    ],
    "scripts": {
      "test": "echo \"Error: no test specified\" && exit 1",
      "storybook": "start-storybook -p 6006",
      "build-storybook": "build-storybook",
      "build": "rm -rf dist && NODE_ENV=production babel src --out-dir dist --copy-files --extensions \".ts,.tsx\" --ignore __tests__,spec.js,test.js,__snapshots__,src/stories/*",
      "tsc": "tsc"
    },
    "repository": {
      "type": "git",
      "url": "git+https://github.com/VEuPathDB/core-components.git"
    },
    "license": "Apache-2.0",
    "bugs": {
      "url": "https://github.com/VEuPathDB/core-components/issues"
    },
    "homepage": "https://github.com/VEuPathDB/core-components#readme",
    "dependencies": {},
    "devDependencies": {
      "@babel/cli": "^7.14.8",
      "@babel/core": "^7.14.8",
      "@babel/preset-react": "^7.14.5",
      "@babel/preset-typescript": "^7.15.0",
      "@emotion/babel-plugin": "^11.3.0",
      "@emotion/babel-preset-css-prop": "^11.2.0",
      "@emotion/react": "^11.4.0",
      "@emotion/styled": "^11.3.0",
      "@storybook/addon-actions": "^6.3.7",
      "@storybook/addon-essentials": "^6.3.7",
      "@storybook/addon-links": "^6.3.7",
      "@storybook/react": "^6.3.7",
      "@veupathdb/tsconfig": "^1.0.1",
      "babel-loader": "^8.2.2",
      "react": "^17.0.2",
      "react-dom": "^17.0.2",
      "typescript": "^4.3.5"
    },
    "peerDependencies": {
      "react": "^17.0.2",
      "react-dom": "^17.0.2",
      "typescript": "^4.3.5",
      "@emotion/babel-preset-css-prop": "^11.2.0",
      "@emotion/react": "^11.4.0",
      "@emotion/styled": "^11.3.0"
    }
  }

yarn manifest: 
  No manifest

Lockfile: 
  No lockfile
